<?xml version="1.0" encoding="UTF-8"?>
<!-- Generated by org.testng.reporters.JUnitXMLReporter -->
<testsuite hostname="DESKTOP-27L8JE7" ignored="1" name="Default test" tests="2" failures="0" timestamp="11 Mar 2021 04:39:38 GMT" time="0.126" errors="0">
  <testcase name="f" time="0.013" classname="com.project.MavenMarchSelenium9_30AMBatch.TNG_001"/>
  <testcase name="a" time="0.003" classname="com.project.MavenMarchSelenium9_30AMBatch.TNG_001"/>
  <testcase name="z" time="0.0" classname="com.project.MavenMarchSelenium9_30AMBatch.TNG_001">
    <ignored/>
  </testcase> <!-- z -->
</testsuite> <!-- Default test -->
