<?xml version="1.0" encoding="UTF-8"?>
<!-- Generated by org.testng.reporters.JUnitXMLReporter -->
<testsuite hostname="DESKTOP-27L8JE7" ignored="2" name="Test" tests="2" failures="0" timestamp="13 Mar 2021 02:10:00 GMT" time="46.868" errors="0">
  <testcase name="checkboxTest" time="1.825" classname="com.project.MavenMarchSelenium9_30AMBatch.CheckBox1"/>
  <testcase name="radioButton1" time="0.338" classname="com.project.MavenMarchSelenium9_30AMBatch.RadioButton1"/>
  <testcase name="linktesting1" time="0.0" classname="com.project.MavenMarchSelenium9_30AMBatch.LinksTesting1">
    <ignored/>
  </testcase> <!-- linktesting1 -->
  <testcase name="amazon" time="0.0" classname="com.project.MavenMarchSelenium9_30AMBatch.TNG_002">
    <ignored/>
  </testcase> <!-- amazon -->
</testsuite> <!-- Test -->
