<?xml version="1.0" encoding="UTF-8"?>
<testng-results skipped="0" failed="0" ignored="0" total="6" passed="6">
  <reporter-output>
  </reporter-output>
  <suite name="megasuite" duration-ms="0" started-at="2021-03-12T04:46:16Z" finished-at="2021-03-12T04:46:16Z">
    <groups>
    </groups>
  </suite> <!-- megasuite -->
  <suite name="SuiteA" duration-ms="9166" started-at="2021-03-12T04:46:07Z" finished-at="2021-03-12T04:46:16Z">
    <groups>
    </groups>
    <test name="TestA" duration-ms="9166" started-at="2021-03-12T04:46:07Z" finished-at="2021-03-12T04:46:16Z">
      <class name="suiteA.TestA2">
        <test-method status="PASS" signature="f()[pri:0, instance:suiteA.TestA2@32eebfca]" name="f" duration-ms="3050" started-at="2021-03-12T04:46:07Z" finished-at="2021-03-12T04:46:10Z">
          <reporter-output>
          </reporter-output>
        </test-method> <!-- f -->
      </class> <!-- suiteA.TestA2 -->
      <class name="suiteA.TestA3">
        <test-method status="PASS" signature="f()[pri:0, instance:suiteA.TestA3@4e718207]" name="f" duration-ms="3010" started-at="2021-03-12T04:46:10Z" finished-at="2021-03-12T04:46:13Z">
          <reporter-output>
          </reporter-output>
        </test-method> <!-- f -->
      </class> <!-- suiteA.TestA3 -->
      <class name="suiteA.TestA1">
        <test-method status="PASS" signature="f()[pri:0, instance:suiteA.TestA1@1d371b2d]" name="f" duration-ms="3015" started-at="2021-03-12T04:46:13Z" finished-at="2021-03-12T04:46:16Z">
          <reporter-output>
          </reporter-output>
        </test-method> <!-- f -->
      </class> <!-- suiteA.TestA1 -->
    </test> <!-- TestA -->
  </suite> <!-- SuiteA -->
  <suite name="SuiteB" duration-ms="9160" started-at="2021-03-12T04:46:07Z" finished-at="2021-03-12T04:46:16Z">
    <groups>
    </groups>
    <test name="TestB" duration-ms="9160" started-at="2021-03-12T04:46:07Z" finished-at="2021-03-12T04:46:16Z">
      <class name="suiteB.TestB1">
        <test-method status="PASS" signature="f()[pri:0, instance:suiteB.TestB1@3578436e]" name="f" duration-ms="3048" started-at="2021-03-12T04:46:07Z" finished-at="2021-03-12T04:46:10Z">
          <reporter-output>
          </reporter-output>
        </test-method> <!-- f -->
      </class> <!-- suiteB.TestB1 -->
      <class name="suiteB.TestB3">
        <test-method status="PASS" signature="f()[pri:0, instance:suiteB.TestB3@706a04ae]" name="f" duration-ms="3010" started-at="2021-03-12T04:46:10Z" finished-at="2021-03-12T04:46:13Z">
          <reporter-output>
          </reporter-output>
        </test-method> <!-- f -->
      </class> <!-- suiteB.TestB3 -->
      <class name="suiteB.TestB2">
        <test-method status="PASS" signature="f()[pri:0, instance:suiteB.TestB2@6eceb130]" name="f" duration-ms="3012" started-at="2021-03-12T04:46:13Z" finished-at="2021-03-12T04:46:16Z">
          <reporter-output>
          </reporter-output>
        </test-method> <!-- f -->
      </class> <!-- suiteB.TestB2 -->
    </test> <!-- TestB -->
  </suite> <!-- SuiteB -->
</testng-results>
