<?xml version="1.0" encoding="UTF-8"?>
<!-- Generated by org.testng.reporters.JUnitXMLReporter -->
<testsuite hostname="DESKTOP-27L8JE7" ignored="0" name="batchTest" tests="4" failures="0" timestamp="11 Mar 2021 04:56:07 GMT" time="133.3" errors="0">
  <testcase name="amazon" time="25.789" classname="com.project.MavenMarchSelenium9_30AMBatch.TNG_002"/>
  <testcase name="checkboxTest" time="0.528" classname="com.project.MavenMarchSelenium9_30AMBatch.CheckBox1"/>
  <testcase name="linktesting1" time="3.093" classname="com.project.MavenMarchSelenium9_30AMBatch.LinksTesting1"/>
  <testcase name="radioButton1" time="0.48" classname="com.project.MavenMarchSelenium9_30AMBatch.RadioButton1"/>
</testsuite> <!-- batchTest -->
